UART port open: 3


Socket created 

Bind done 

Waiting for incoming connections...  

TCP connection accepted: 5

Handler assigned 

Start thread 
!!! UART read timeout 
!!! UART read timeout 
!!! UART read timeout 
!!! UART read timeout 
!!! UART read timeout 
!!! UART read timeout 
!!! UART read timeout 
!!! UART read timeout 
!!! UART read timeout 
!!! UART read timeout 
!!! UART read timeout 
!!! UART read timeout 
!!! UART read timeout 
!!! UART read timeout 
!!! UART read timeout 
!!! UART read timeout 
!!! UART read timeout 
!!! UART read timeout 
!!! UART read timeout 
!!! UART read timeout 
!!! UART read timeout 
!!! UART read timeout 
!!! UART read timeout 
!!! UART read timeout 
!!! UART read timeout 
!!! UART read timeout 
!!! UART read timeout 
!!! UART read timeout 
!!! UART read timeout 
!!! UART read timeout 
!!! UART read timeout 
!!! UART read timeout 
!!! UART read timeout 
!!! UART read timeout 
!!! UART read timeout 
!!! UART read timeout 
!!! UART read timeout 
!!! UART read timeout 
!!! UART read timeout 
!!! UART read timeout 
!!! UART read timeout 
!!! UART read timeout 
!!! UART read timeout 
!!! UART read timeout 
!!! UART read timeout 
!!! UART read timeout 
!!! UART read timeout 
!!! UART read timeout 
!!! UART read timeout 
!!! UART read timeout 
!!! UART read timeout 
!!! UART read timeout 
!!! UART read timeout 
!!! UART read timeout 
!!! UART read timeout 
!!! UART read timeout 
!!! UART read timeout 
!!! UART read timeout 
!!! UART read timeout 
!!! UART read timeout 
!!! UART read timeout 
!!! UART read timeout 
!!! UART read timeout 
!!! UART read timeout 
!!! UART read timeout 
!!! UART read timeout 
!!! UART read timeout 
!!! UART read timeout 
!!! UART read timeout 
!!! UART read timeout 
!!! UART read timeout 
!!! UART read timeout 
!!! UART read timeout 
!!! UART read timeout 
!!! UART read timeout 
!!! UART read timeout 
!!! UART read timeout 
!!! UART read timeout 
!!! UART read timeout 
!!! UART read timeout 
!!! UART read timeout 
!!! UART read timeout 
!!! UART read timeout 
!!! UART read timeout 
!!! UART read timeout 
!!! UART read timeout 
!!! UART read timeout 
!!! UART read timeout 
!!! UART read timeout 
!!! UART read timeout 
!!! UART read timeout 
!!! UART read timeout 
!!! UART read timeout 
!!! UART read timeout 
!!! UART read timeout 
!!! UART read timeout 
!!! UART read timeout 
!!! UART read timeout 
!!! UART read timeout 
!!! UART read timeout 
!!! UART read timeout 
!!! UART read timeout 
!!! UART read timeout 
!!! UART read timeout 
!!! UART read timeout 
!!! UART read timeout 
!!! UART read timeout 
!!! UART read timeout 
!!! UART read timeout 
!!! UART read timeout 
!!! UART read timeout 
!!! UART read timeout 
!!! UART read timeout 
!!! UART read timeout 
!!! UART read timeout 
!!! UART read timeout 
!!! UART read timeout 
!!! UART read timeout 
!!! UART read timeout 
!!! UART read timeout 
!!! UART read timeout 
!!! UART read timeout 
!!! UART read timeout 
!!! UART read timeout 
!!! UART read timeout 
!!! UART read timeout 
!!! UART read timeout 
!!! UART read timeout 
!!! UART read timeout 
!!! UART read timeout 
!!! UART read timeout 
!!! UART read timeout 
!!! UART read timeout 
!!! UART read timeout 
!!! UART read timeout 
!!! UART read timeout 
!!! UART read timeout 
!!! UART read timeout 
!!! UART read timeout 
!!! UART read timeout 
!!! UART read timeout 
!!! UART read timeout 
!!! UART read timeout 
!!! UART read timeout 
!!! UART read timeout 
!!! UART read timeout 
!!! UART read timeout 
!!! UART read timeout 
!!! UART read timeout 
!!! UART read timeout 
!!! UART read timeout 
!!! UART read timeout 
!!! UART read timeout 
!!! UART read timeout 
!!! UART read timeout 
!!! UART read timeout 
!!! UART read timeout 
!!! UART read timeout 
!!! UART read timeout 
!!! UART read timeout 
!!! UART read timeout 
!!! UART read timeout 
!!! UART read timeout 
!!! UART read timeout 
!!! UART read timeout 
!!! UART read timeout 
!!! UART read timeout 
!!! UART read timeout 
!!! UART read timeout 
!!! UART read timeout 
!!! UART read timeout 
!!! UART read timeout 
!!! UART read timeout 
!!! UART read timeout 
!!! UART read timeout 
!!! UART read timeout 
